<?xml version="1.0" encoding="UTF-8" ?>
<testsuite tests="0" failures="0" name="StepDefinitions.TestRunner" time="0" errors="0" skipped="0">
  <properties>
    <property name="java.runtime.name" value="Java(TM) SE Runtime Environment"/>
    <property name="java.vm.version" value="12.0.1+12"/>
    <property name="sun.boot.library.path" value="C:\Program Files\Java\jdk-12.0.1\bin"/>
    <property name="user.country.format" value="TR"/>
    <property name="maven.multiModuleProjectDirectory" value="D:\Users\nusahin\Documents\JavaSeleniumBDD"/>
    <property name="java.vm.vendor" value="Oracle Corporation"/>
    <property name="java.vendor.url" value="https://java.oracle.com/"/>
    <property name="guice.disable.misplaced.annotation.check" value="true"/>
    <property name="path.separator" value=";"/>
    <property name="java.vm.name" value="Java HotSpot(TM) 64-Bit Server VM"/>
    <property name="sun.os.patch.level" value=""/>
    <property name="user.script" value=""/>
    <property name="user.country" value="US"/>
    <property name="sun.java.launcher" value="SUN_STANDARD"/>
    <property name="java.vm.specification.name" value="Java Virtual Machine Specification"/>
    <property name="user.dir" value="D:\Users\nusahin\Documents\JavaSeleniumBDD"/>
    <property name="java.vm.compressedOopsMode" value="Zero based"/>
    <property name="java.runtime.version" value="12.0.1+12"/>
    <property name="java.awt.graphicsenv" value="sun.awt.Win32GraphicsEnvironment"/>
    <property name="os.arch" value="amd64"/>
    <property name="idea.modules.paths.file" value="D:\Users\nusahin\.IdeaIC2019.3\system\Maven\idea-projects-state-30f26720.properties"/>
    <property name="java.io.tmpdir" value="D:\Users\nusahin\AppData\Local\Temp\"/>
    <property name="line.separator" value="
"/>
    <property name="java.vm.specification.vendor" value="Oracle Corporation"/>
    <property name="user.variant" value=""/>
    <property name="os.name" value="Windows 10"/>
    <property name="maven.ext.class.path" value="C:\Program Files\JetBrains\IntelliJ IDEA Community Edition 2019.3.3\plugins\maven\lib\maven-event-listener.jar"/>
    <property name="classworlds.conf" value="D:\Users\nusahin\AppData\Local\Temp\idea-2-mvn.conf"/>
    <property name="sun.jnu.encoding" value="Cp1252"/>
    <property name="java.library.path" value="C:\Program Files\Java\jdk-12.0.1\bin;C:\Windows\Sun\Java\bin;C:\Windows\system32;C:\Windows;C:\app\nusahin\product\11.2.0\client_1\bin;C:\Program Files (x86)\TRICENTIS\Tosca Testsuite\ToscaCommander;;C:\Program Files (x86)\TRICENTIS\Tosca Testsuite\Classic;C:\Program Files (x86)\TRICENTIS\Tosca Testsuite\Classic\dll;C:\Program Files (x86)\TRICENTIS\Tosca Testsuite\Classic\dll\GuptaEngine;C:\Program Files (x86)\TRICENTIS\Tosca Testsuite\ToscaCommander;C:\Program Files (x86)\TRICENTIS\Tosca Testsuite\Classic\dll\DelphiEngine;C:\Program Files (x86)\TRICENTIS\Tosca Testsuite\Classic\dll\PBEngine;C:\Program Files (x86)\TRICENTIS\Tosca Testsuite\Classic\dll\VBEngine;C:\Program Files (x86)\TRICENTIS\Tosca Testsuite\Classic\dll\DotNetHooking;;C:\Program Files\AdoptOpenJDK\jdk-8.0.252.09-hotspot\bin;C:\Program Files\Microsoft MPI\Bin\;C:\Program Files (x86)\Common Files\Oracle\Java\javapath;C:\Gradle\gradle-5.2.1-all.zip\gradle-5.2.1\bin;C:\Program Files\avs\bin;C:\Program Files\avs\bin32;C:\Windows\system32;C:\Windows;C:\Windows\System32\Wbem;C:\Windows\System32\WindowsPowerShell\v1.0\;C:\Windows\System32\OpenSSH\;C:\Program Files (x86)\Sennheiser\SoftphoneSDK\;C:\Windows\CCM;C:\Windows\CCM;C:\Program Files\nodejs\;D:\Users\nusahin\AppData\Local\Android\Sdk\platform-tools;D:\Users\nusahin\AppData\Local\Android\Sdk\build-tools;D:\Users\nusahin\AppData\Local\Android\Sdk;C:\Program Files\nodejs;D:\Users\nusahin\Documents\jdk-12.0.1_windows-x64_bin\jdk-12.0.1;D:\Users\nusahin\Documents\jdk-12.0.1_windows-x64_bin\jdk-12.0.1\bin;D:\Users\nusahin\AppData\Local\Android\Sdk\tools;D:\Users\nusahin\AppData\Local\Android\Sdk\tools\bin;C:\Program Files (x86)\Bitvise SSH Client;C:\Program Files\Git\cmd;C:\Program Files\Microsoft SQL Server\Client SDK\ODBC\170\Tools\Binn\;C:\Program Files (x86)\Microsoft SQL Server\150\Tools\Binn\;C:\Program Files\Microsoft SQL Server\150\Tools\Binn\;C:\Program Files\Microsoft SQL Server\150\DTS\Binn\;C:\Program Files (x86)\Pulse Secure\VC142.CRT\X64\;C:\Program Files (x86)\Pulse Secure\VC142.CRT\X86\;C:\apache-maven-3.6.3\bin;C:\Program Files\dotnet\;C:\bin;C:\Program Files\k6\;C:\Gradle\gradle-5.2.1\bin;D:\Users\nusahin\Documents\jdk-12.0.1_windows-x64_bin\jdk-12.0.1;D:\Users\nusahin\Documents\jdk-12.0.1_windows-x64_bin\jdk-12.0.1\bin;D:\Users\nusahin\AppData\Roaming\npm;D:\Users\nusahin\AppData\Local\Programs\Microsoft VS Code\bin;D:\Users\nusahin\Downloads\flutter_windows_v1.12.13+hotfix.8-stable.zip\flutter\bin;C:\Development\flutter\bin;D:\Users\nusahin\AppData\Local\gitkraken\bin;D:\Users\nusahin\AppData\Local\Programs\Fiddler;C:\Program Files\TestProject Agent;C:\Program Files (x86)\testerq\Python;C:\Program Files (x86)\testerq\Python\Scripts;D:\Users\nusahin\Downloads\allure-commandline-2.10.0\allure-2.10.0\bin;D:\Users\nusahin\AppData\Local\GitHubDesktop\bin;."/>
    <property name="maven.conf" value="C:\Program Files\JetBrains\IntelliJ IDEA Community Edition 2019.3.3\plugins\maven\lib\maven3/conf"/>
    <property name="jdk.debug" value="release"/>
    <property name="java.class.version" value="56.0"/>
    <property name="java.specification.name" value="Java Platform API Specification"/>
    <property name="sun.management.compiler" value="HotSpot 64-Bit Tiered Compilers"/>
    <property name="idea.version2019.3.3" value="true"/>
    <property name="os.version" value="10.0"/>
    <property name="user.home" value="D:\Users\nusahin"/>
    <property name="user.timezone" value="Europe/Istanbul"/>
    <property name="file.encoding" value="UTF-8"/>
    <property name="java.specification.version" value="12"/>
    <property name="user.name" value="nusahin"/>
    <property name="java.class.path" value="C:\Program Files\JetBrains\IntelliJ IDEA Community Edition 2019.3.3\plugins\maven\lib\maven3\boot\plexus-classworlds-2.6.0.jar"/>
    <property name="java.vm.specification.version" value="12"/>
    <property name="sun.arch.data.model" value="64"/>
    <property name="sun.java.command" value="org.codehaus.classworlds.Launcher -Didea.version2019.3.3 clean install"/>
    <property name="java.home" value="C:\Program Files\Java\jdk-12.0.1"/>
    <property name="user.language" value="en"/>
    <property name="java.specification.vendor" value="Oracle Corporation"/>
    <property name="user.language.format" value="tr"/>
    <property name="awt.toolkit" value="sun.awt.windows.WToolkit"/>
    <property name="java.vm.info" value="mixed mode, sharing"/>
    <property name="java.version" value="12.0.1"/>
    <property name="java.vendor" value="Oracle Corporation"/>
    <property name="maven.home" value="C:\Program Files\JetBrains\IntelliJ IDEA Community Edition 2019.3.3\plugins\maven\lib\maven3"/>
    <property name="file.separator" value="\"/>
    <property name="java.version.date" value="2019-04-16"/>
    <property name="java.vendor.url.bug" value="https://bugreport.java.com/bugreport/"/>
    <property name="sun.io.unicode.encoding" value="UnicodeLittle"/>
    <property name="sun.cpu.endian" value="little"/>
    <property name="sun.desktop" value="windows"/>
    <property name="sun.cpu.isalist" value="amd64"/>
  </properties>
</testsuite>